<?xml version="1.0" encoding="UTF-8"?>
<!-- Generated by org.testng.reporters.JUnitReportReporter -->
<testsuite hostname="DESKTOP-769VH59" failures="0" tests="1" name="com.LamdaTest.test.LambdaTest2" time="33.447" errors="0" timestamp="2024-01-24T13:56:40 IST" skipped="0">
  <testcase classname="com.LamdaTest.test.LambdaTest2" name="AutomationAssignmentTask" time="33.447"/>
  <system-out/>
</testsuite> <!-- com.LamdaTest.test.LambdaTest2 -->
