<?xml version="1.0" encoding="UTF-8"?>
<!-- Generated by org.testng.reporters.JUnitReportReporter -->
<testsuite hostname="DESKTOP-769VH59" failures="0" tests="2" name="com.LamdaTest.test.LambdaTest" time="16.608" errors="0" timestamp="2024-01-23T21:52:45 IST" skipped="0">
  <testcase classname="com.LamdaTest.test.LambdaTest" name="AutomationAssignmentTask" time="9.014"/>
  <system-out/>
  <testcase classname="com.LamdaTest.test.LambdaTest" name="AutomationAssignmentTask2" time="7.594"/>
  <system-out/>
</testsuite> <!-- com.LamdaTest.test.LambdaTest -->
