<?xml version="1.0" encoding="UTF-8"?>
<!-- Generated by org.testng.reporters.JUnitReportReporter -->
<testsuite hostname="DESKTOP-769VH59" failures="0" tests="1" name="com.LamdaTest.test.LambdaTest1" time="41.156" errors="0" timestamp="2024-01-24T13:56:40 IST" skipped="0">
  <testcase classname="com.LamdaTest.test.LambdaTest1" name="AutomationAssignmentTask" time="41.156"/>
  <system-out/>
</testsuite> <!-- com.LamdaTest.test.LambdaTest1 -->
